[35m[Appium][39m Welcome to Appium v1.22.3
[35m[Appium][39m Non-default server args:
[35m[Appium][39m   port: 50262
[35m[Appium][39m   loglevel: info
[35m[Appium][39m   tmpDir: /var/folders/_x/hzlzwd8j20gfzg0809vw8zhh0000gq/T//Katalon/Appium/Temp1656639967298
[35m[Appium][39m   chromedriverPort: 50263
[35m[Appium][39m Deprecated server args:
[35m[Appium][39m   [31m--chromedriver-port[39m => --default-capabilities
[35m[Appium][39m Default capabilities, which will be added to each request unless overridden by desired capabilities:
[35m[Appium][39m   chromedriverPort: 50263
[35m[Appium][39m Appium REST http interface listener started on 0.0.0.0:50262
[35m[HTTP][39m [37m-->[39m [37mGET[39m [37m/wd/hub/status[39m
[35m[HTTP][39m [90m{}[39m
[35m[HTTP][39m [37m<-- GET /wd/hub/status [39m[32m200[39m [90m12 ms - 68[39m
[35m[HTTP][39m [90m[39m
[35m[HTTP][39m [37m-->[39m [37mGET[39m [37m/wd/hub/status[39m
[35m[HTTP][39m [90m{}[39m
[35m[HTTP][39m [37m<-- GET /wd/hub/status [39m[32m200[39m [90m8 ms - 68[39m
[35m[HTTP][39m [90m[39m
[35m[HTTP][39m [37m-->[39m [37mPOST[39m [37m/wd/hub/session[39m
[35m[HTTP][39m [90m{"desiredCapabilities":{"app":"/Users/bayusulistyo/Downloads/ottosdk-hostapp-27-01-2021.apk","noReset":true,"appWaitActivity":"*","deviceId":"8756e6bc","deviceName":"Xiaomi Redmi Note 9 Pro (Android 11)","fullReset":false,"platform":"ANDROID","newCommandTimeout":1800,"platformVersion":"11","automationName":"uiautomator2","autoGrantPermissions":true,"platformName":"Android","udid":"8756e6bc","systemPort":50281},"capabilities":{"firstMatch":[{"appium:app":"/Users/bayusulistyo/Downloads/ottosdk-hostapp-27-01-2021.apk","appium:appWaitActivity":"*","appium:autoGrantPermissions":true,"appium:automationName":"uiautomator2","deviceId":"8756e6bc","appium:deviceName":"Xiaomi Redmi Note 9 Pro (Android 11)","appium:fullReset":false,"appium:newCommandTimeout":1800,"appium:noReset":true,"platform":"ANDROID","platformName":"android","appium:platformVersion":"11","appium:systemPort":50281,"appium:udid":"8756e6bc"}]}}[39m
[35m[BaseDriver][39m The following capabilities are not standard capabilities and should have an extension prefix:
[35m[BaseDriver][39m   deviceId
[35m[BaseDriver][39m   platform
[35m[BaseDriver][39m   chromedriverPort
[35m[Appium][39m Appium v1.22.3 creating new AndroidUiautomator2Driver (v1.70.1) session
[35m[BaseDriver][39m The following capabilities were provided, but are not recognized by Appium:
[35m[BaseDriver][39m   deviceId
[35m[BaseDriver][39m   platform
[35m[BaseDriver][39m Session created with session id: 22b9ed83-58be-4551-890c-439c49be9c9f
[35m[BaseDriver][39m Using local app '/Users/bayusulistyo/Downloads/ottosdk-hostapp-27-01-2021.apk'
[35m[ADB][39m Found 1 'build-tools' folders under '/Users/bayusulistyo/.katalon/tools/android_sdk' (newest first):
[35m[ADB][39m     /Users/bayusulistyo/.katalon/tools/android_sdk/build-tools/29.0.3
[35m[ADB][39m Using 'adb' from '/Users/bayusulistyo/.katalon/tools/android_sdk/platform-tools/adb'
[35m[AndroidDriver][39m Retrieving device list
[35m[AndroidDriver][39m Using device: 8756e6bc
[35m[ADB][39m Using 'adb' from '/Users/bayusulistyo/.katalon/tools/android_sdk/platform-tools/adb'
[35m[ADB][39m Getting device platform version
[35m[UiAutomator2][39m Relaxing hidden api policy
[35m[ADB][39m Package name: 'glenn.ca.webviewcore'
[35m[ADB][39m Main activity name: 'glenn.ca.webviewcore.MainActivity'
[35m[ADB][39m Using 'apksigner.jar' from '/Users/bayusulistyo/.katalon/tools/android_sdk/build-tools/29.0.3/lib/apksigner.jar'
[35m[ADB][39m '/usr/local/lib/node_modules/appium/node_modules/appium-uiautomator2-server/apks/appium-uiautomator2-server-v4.27.0.apk' is signed with the default certificate
[35m[ADB][39m '/usr/local/lib/node_modules/appium/node_modules/appium-uiautomator2-server/apks/appium-uiautomator2-server-debug-androidTest.apk' is signed with the default certificate
[35m[UiAutomator2][39m Server packages are not going to be (re)installed
[35m[ADB][39m Adding packages ["io.appium.settings","io.appium.uiautomator2.server","io.appium.uiautomator2.server.test"] to Doze whitelist
[35m[ADB][39m '/Users/bayusulistyo/Downloads/ottosdk-hostapp-27-01-2021.apk' is signed with a non-default certificate
[35m[ADB][39m The application at '/Users/bayusulistyo/Downloads/ottosdk-hostapp-27-01-2021.apk' will not be cached, because the device under test has confirmed the support of streamed installs
[35m[ADB][39m The installation of 'ottosdk-hostapp-27-01-2021.apk' took 5172ms
[35m[UiAutomator2][39m Starting UIAutomator2 server 4.27.0
[35m[UiAutomator2][39m Using UIAutomator2 server from '/usr/local/lib/node_modules/appium/node_modules/appium-uiautomator2-server/apks/appium-uiautomator2-server-v4.27.0.apk' and test from '/usr/local/lib/node_modules/appium/node_modules/appium-uiautomator2-server/apks/appium-uiautomator2-server-debug-androidTest.apk'
[35m[UiAutomator2][39m Waiting up to 30000ms for UiAutomator2 to be online...
[35m[WD Proxy][39m socket hang up
[35m[WD Proxy][39m socket hang up
[35m[WD Proxy][39m socket hang up
[35m[WD Proxy][39m socket hang up
[35m[WD Proxy][39m Determined the downstream protocol as 'W3C'
[35m[AndroidDriver][39m Screen already unlocked, doing nothing
[35m[UiAutomator2][39m Starting 'glenn.ca.webviewcore/glenn.ca.webviewcore.MainActivity and waiting for 'glenn.ca.webviewcore/*'
[35m[Appium][39m New AndroidUiautomator2Driver session created successfully, session 22b9ed83-58be-4551-890c-439c49be9c9f added to master session list
[35m[HTTP][39m [37m<-- POST /wd/hub/session [39m[32m200[39m [90m17308 ms - 1367[39m
[35m[HTTP][39m [90m[39m
[35m[HTTP][39m [37m-->[39m [37mGET[39m [37m/wd/hub/session/22b9ed83-58be-4551-890c-439c49be9c9f[39m
[35m[HTTP][39m [90m{}[39m
[35m[HTTP][39m [37m<-- GET /wd/hub/session/22b9ed83-58be-4551-890c-439c49be9c9f [39m[32m200[39m [90m11 ms - 1321[39m
[35m[HTTP][39m [90m[39m
[35m[HTTP][39m [37m-->[39m [37mGET[39m [37m/wd/hub/session/22b9ed83-58be-4551-890c-439c49be9c9f[39m
[35m[HTTP][39m [90m{}[39m
[35m[HTTP][39m [37m<-- GET /wd/hub/session/22b9ed83-58be-4551-890c-439c49be9c9f [39m[32m200[39m [90m12 ms - 1321[39m
[35m[HTTP][39m [90m[39m
[35m[HTTP][39m [37m-->[39m [37mGET[39m [37m/wd/hub/status[39m
[35m[HTTP][39m [90m{}[39m
[35m[HTTP][39m [37m<-- GET /wd/hub/status [39m[32m200[39m [90m1 ms - 68[39m
[35m[HTTP][39m [90m[39m
[35m[HTTP][39m [37m-->[39m [37mPOST[39m [37m/wd/hub/session/22b9ed83-58be-4551-890c-439c49be9c9f/timeouts[39m
[35m[HTTP][39m [90m{"implicit":60000}[39m
[35m[HTTP][39m [37m<-- POST /wd/hub/session/22b9ed83-58be-4551-890c-439c49be9c9f/timeouts [39m[32m200[39m [90m3 ms - 14[39m
[35m[HTTP][39m [90m[39m
[35m[HTTP][39m [37m-->[39m [37mGET[39m [37m/wd/hub/session/22b9ed83-58be-4551-890c-439c49be9c9f/source[39m
[35m[HTTP][39m [90m{}[39m
[35m[W3C (22b9ed83)][39m Driver proxy active, passing request on via HTTP proxy
[35m[WD Proxy][39m Replacing sessionId 7afae453-eb2f-4d28-a8bc-efe400dbcc69 with 22b9ed83-58be-4551-890c-439c49be9c9f
[35m[HTTP][39m [37m<-- GET /wd/hub/session/22b9ed83-58be-4551-890c-439c49be9c9f/source [39m[32m200[39m [90m229 ms - 12560[39m
[35m[HTTP][39m [90m[39m
[35m[HTTP][39m [37m-->[39m [37mGET[39m [37m/wd/hub/session/22b9ed83-58be-4551-890c-439c49be9c9f/screenshot[39m
[35m[HTTP][39m [90m{}[39m
[35m[HTTP][39m [37m<-- GET /wd/hub/session/22b9ed83-58be-4551-890c-439c49be9c9f/screenshot [39m[32m200[39m [90m350 ms - 216126[39m
[35m[HTTP][39m [90m[39m
[35m[HTTP][39m [37m-->[39m [37mGET[39m [37m/wd/hub/session/22b9ed83-58be-4551-890c-439c49be9c9f/source[39m
[35m[HTTP][39m [90m{}[39m
[35m[W3C (22b9ed83)][39m Driver proxy active, passing request on via HTTP proxy
[35m[WD Proxy][39m Replacing sessionId 7afae453-eb2f-4d28-a8bc-efe400dbcc69 with 22b9ed83-58be-4551-890c-439c49be9c9f
[35m[HTTP][39m [37m<-- GET /wd/hub/session/22b9ed83-58be-4551-890c-439c49be9c9f/source [39m[32m200[39m [90m150 ms - 12420[39m
[35m[HTTP][39m [90m[39m
[35m[HTTP][39m [37m-->[39m [37mGET[39m [37m/wd/hub/session/22b9ed83-58be-4551-890c-439c49be9c9f/screenshot[39m
[35m[HTTP][39m [90m{}[39m
[35m[HTTP][39m [37m<-- GET /wd/hub/session/22b9ed83-58be-4551-890c-439c49be9c9f/screenshot [39m[32m200[39m [90m388 ms - 130950[39m
[35m[HTTP][39m [90m[39m
[35m[HTTP][39m [37m-->[39m [37mPOST[39m [37m/wd/hub/session/22b9ed83-58be-4551-890c-439c49be9c9f/elements[39m
[35m[HTTP][39m [90m{"using":"xpath","value":"//*[@class = 'android.widget.TextView' and (@text = 'Lupa PIN ?' or . = 'Lupa PIN ?')]"}[39m
[35m[HTTP][39m [37m<-- POST /wd/hub/session/22b9ed83-58be-4551-890c-439c49be9c9f/elements [39m[32m200[39m [90m321 ms - 139[39m
[35m[HTTP][39m [90m[39m
[35m[HTTP][39m [37m-->[39m [37mGET[39m [37m/wd/hub/session/22b9ed83-58be-4551-890c-439c49be9c9f/source[39m
[35m[HTTP][39m [90m{}[39m
[35m[W3C (22b9ed83)][39m Driver proxy active, passing request on via HTTP proxy
[35m[WD Proxy][39m Replacing sessionId 7afae453-eb2f-4d28-a8bc-efe400dbcc69 with 22b9ed83-58be-4551-890c-439c49be9c9f
[35m[HTTP][39m [37m<-- GET /wd/hub/session/22b9ed83-58be-4551-890c-439c49be9c9f/source [39m[32m200[39m [90m65 ms - 2871[39m
[35m[HTTP][39m [90m[39m
[35m[HTTP][39m [37m-->[39m [37mGET[39m [37m/wd/hub/session/22b9ed83-58be-4551-890c-439c49be9c9f/screenshot[39m
[35m[HTTP][39m [90m{}[39m
[35m[HTTP][39m [37m<-- GET /wd/hub/session/22b9ed83-58be-4551-890c-439c49be9c9f/screenshot [39m[32m200[39m [90m407 ms - 205264[39m
[35m[HTTP][39m [90m[39m
[35m[BaseDriver][39m Shutting down because we waited 1800 seconds for a command
[35m[Appium][39m Closing session, cause was 'New Command Timeout of 1800 seconds expired. Try customizing the timeout using the 'newCommandTimeout' desired capability'
[35m[Appium][39m Removing session '22b9ed83-58be-4551-890c-439c49be9c9f' from our master session list
[35m[UiAutomator2][39m Restoring hidden api policy to the device default configuration
[35m[HTTP][39m [37m-->[39m [37mDELETE[39m [37m/wd/hub/session/22b9ed83-58be-4551-890c-439c49be9c9f[39m
[35m[HTTP][39m [90m{}[39m
[35m[HTTP][39m [37m<-- DELETE /wd/hub/session/22b9ed83-58be-4551-890c-439c49be9c9f [39m[33m404[39m [90m77 ms - 1886[39m
[35m[HTTP][39m [90m[39m
[35m[Appium][39m Received SIGTERM - shutting down
